2019-02-22 13:20:31 INFO  MainClass:49 - Escoja un nombre para el archivo: 
2019-02-22 13:20:40 INFO  MainClass:56 - Resultado: VDZO
2019-02-22 13:28:05 INFO  MainClass:56 - Resultado: YPBECRTJT
2019-02-22 13:54:44 ERROR Validaciones:17 - No has introducido un numero
2019-02-22 13:54:45 ERROR Validaciones:17 - No has introducido un numero
2019-02-22 13:54:45 ERROR Validaciones:17 - No has introducido un numero
2019-02-22 13:54:45 ERROR Validaciones:17 - No has introducido un numero
2019-02-22 13:54:45 ERROR Validaciones:17 - No has introducido un numero
2019-02-22 13:54:45 ERROR Validaciones:17 - No has introducido un numero
2019-02-22 13:54:45 ERROR Validaciones:17 - No has introducido un numero
2019-02-22 13:54:45 ERROR Validaciones:17 - No has introducido un numero
2019-02-22 13:54:45 ERROR Validaciones:17 - No has introducido un numero
2019-02-22 13:54:45 ERROR Validaciones:17 - No has introducido un numero
2019-02-22 13:54:45 ERROR Validaciones:17 - No has introducido un numero
2019-02-22 13:54:45 ERROR Validaciones:17 - No has introducido un numero
2019-02-22 13:54:45 ERROR Validaciones:17 - No has introducido un numero
2019-02-22 13:54:45 ERROR Validaciones:17 - No has introducido un numero
2019-02-22 13:54:45 ERROR Validaciones:17 - No has introducido un numero
2019-02-22 13:54:45 ERROR Validaciones:17 - No has introducido un numero
2019-02-22 13:54:45 INFO  MainClass:56 - Resultado: 
2019-02-22 13:55:56 ERROR Validaciones:17 - No has introducido un numero
2019-02-22 13:55:56 ERROR Validaciones:17 - No has introducido un numero
2019-02-22 13:55:56 INFO  MainClass:56 - Resultado: 
2019-02-22 13:56:56 ERROR Validaciones:17 - No has introducido un numero
2019-02-22 13:59:51 INFO  MainClass:56 - Resultado: MDOHPWH
2019-02-22 14:26:41 INFO  MainClass:58 - Resultado: ÑFQTRJYJ
2019-02-22 14:29:30 ERROR CifradoTxt:38 - Error: Cesar
2019-02-22 14:35:18 ERROR CifradoTxt:39 - Error: Cesar
2019-02-22 14:35:38 ERROR CifradoTxt:39 - Error: Cesar
2019-02-22 14:37:04 ERROR CifradoTxt:39 - Error: Cesar
2019-02-22 14:40:50 ERROR CifradoTxt:39 - Error: Cesar
2019-02-22 14:50:21 ERROR CifradoTxt:41 - Error: Cesar
