2019-04-01 20:11:15 INFO  GestorDescarga:37 - Ejecutando Splash Screen...
2019-04-01 20:11:18 INFO  SplashScreenController:61 - Ejecutando pantalla principal...
2019-04-01 20:11:28 INFO  GestorDescargaController:37 - Cerrando...
2019-04-01 20:11:31 INFO  GestorDescargaController:231 - Archivo '/quickie-jpeg-100.jpg' descargado con éxito en 'C:\Users\'

2019-04-01 20:11:34 ERROR TareaDescarga:54 - C:\Users\quickie-jpeg-100.jpg (Acceso denegado)
2019-04-01 20:11:58 INFO  GestorDescargaController:37 - Cerrando...
2019-04-01 20:12:01 INFO  GestorDescargaController:231 - Archivo '/quickie-jpeg-100.jpg' descargado con éxito en 'C:\Users\ruben\Desktop'

2019-04-01 20:12:32 INFO  GestorDescarga:37 - Ejecutando Splash Screen...
2019-04-01 20:12:35 INFO  SplashScreenController:61 - Ejecutando pantalla principal...
2019-04-01 20:12:48 INFO  GestorDescargaController:37 - Cerrando...
2019-04-01 20:12:49 INFO  GestorDescargaController:231 - Archivo '/quickie-jpeg-100.jpg' descargado con éxito en 'C:\Users\ruben\Desktop'

2019-04-01 20:13:30 INFO  GestorDescarga:37 - Ejecutando Splash Screen...
2019-04-01 20:13:34 INFO  SplashScreenController:61 - Ejecutando pantalla principal...
2019-04-01 20:13:54 INFO  GestorDescarga:37 - Ejecutando Splash Screen...
2019-04-01 20:13:58 INFO  SplashScreenController:61 - Ejecutando pantalla principal...
2019-04-01 20:14:03 INFO  GestorDescargaController:37 - Cerrando...
2019-04-01 20:14:05 INFO  GestorDescargaController:231 - Archivo '/quickie-jpeg-100.jpg' descargado con éxito en 'C:\Users\ruben\Desktop'

2019-04-01 20:14:16 INFO  GestorDescarga:37 - Ejecutando Splash Screen...
2019-04-01 20:14:19 INFO  SplashScreenController:61 - Ejecutando pantalla principal...
2019-04-01 20:14:31 INFO  GestorDescargaController:37 - Cerrando...
2019-04-01 20:14:33 INFO  GestorDescargaController:231 - Archivo '/quickie-jpeg-100.jpg' descargado con éxito en 'C:\Users\ruben\Desktop'

2019-04-01 20:14:45 INFO  GestorDescarga:37 - Ejecutando Splash Screen...
2019-04-01 20:14:49 INFO  SplashScreenController:61 - Ejecutando pantalla principal...
2019-04-01 20:15:05 INFO  GestorDescargaController:37 - Cerrando...
2019-04-01 20:15:07 INFO  GestorDescargaController:231 - Archivo '/quickie-jpeg-100.jpg' descargado con éxito en 'C:\Users\ruben\Desktop'

2019-04-01 20:15:33 INFO  GestorDescarga:37 - Ejecutando Splash Screen...
2019-04-01 20:15:36 INFO  SplashScreenController:61 - Ejecutando pantalla principal...
2019-04-01 20:15:42 INFO  GestorDescargaController:37 - Cerrando...
2019-04-01 20:15:44 INFO  GestorDescargaController:231 - Archivo '/quickie-jpeg-100.jpg' descargado con éxito en 'C:\Users\ruben\Desktop'

2019-04-01 20:15:56 INFO  GestorDescarga:37 - Ejecutando Splash Screen...
2019-04-01 20:15:59 INFO  SplashScreenController:61 - Ejecutando pantalla principal...
2019-04-01 20:16:08 INFO  GestorDescargaController:37 - Cerrando...
2019-04-01 20:16:10 INFO  GestorDescargaController:231 - Archivo '/quickie-jpeg-100.jpg' descargado con éxito en 'C:\Users\ruben\Desktop'

2019-04-01 20:16:44 INFO  GestorDescarga:37 - Ejecutando Splash Screen...
2019-04-01 20:16:48 INFO  SplashScreenController:61 - Ejecutando pantalla principal...
2019-04-01 20:16:53 INFO  GestorDescargaController:37 - Cerrando...
2019-04-01 20:16:54 INFO  GestorDescargaController:231 - Archivo '/quickie-jpeg-100.jpg' descargado con éxito en 'C:\Users\ruben\Desktop'

